<?xml version="1.0" encoding="UTF-8"?>
<!-- Generated by org.testng.reporters.JUnitXMLReporter -->
<testsuite hostname="Basu-PC" name="BankingApp Test" tests="1" failures="1" timestamp="26 Dec 2018 14:31:31 GMT" time="16.347" errors="0">
  <testcase name="loginTest" time="5.411" classname="testCases.TC_LoginTest_001">
    <failure type="java.lang.AssertionError" message="expected [true] but found [false]">
      <![CDATA[java.lang.AssertionError: expected [true] but found [false]
	at testCases.TC_LoginTest_001.loginTest(TC_LoginTest_001.java:32)
... Removed 28 stack frames]]>
    </failure>
  </testcase> <!-- loginTest -->
</testsuite> <!-- BankingApp Test -->
